20:13:52: Creating resource group General
20:13:52: Creating resource group Internal
20:13:52: Creating resource group Autodetect
20:13:52: Registering ResourceManager for type Mesh
20:13:52: Registering ResourceManager for type Material
20:13:52: Registering ResourceManager for type Skeleton
20:13:52: XMLMeshSerializer reading mesh data from C:\sketchupexports\crewdzschool\crewdzschool.mesh.xml...
20:13:53: Reading submeshes...
20:13:53: Reading geometry...
20:13:53: Geometry done...
20:13:53: Reading geometry...
20:13:53: Geometry done...
20:13:53: Reading geometry...
20:13:53: Geometry done...
20:13:53: Reading geometry...
20:13:53: Geometry done...
20:13:53: Reading geometry...
20:13:53: Geometry done...
20:13:53: Reading geometry...
20:13:53: Geometry done...
20:13:53: Reading geometry...
20:13:53: Geometry done...
20:13:53: Reading geometry...
20:13:53: Geometry done...
20:13:53: Reading geometry...
20:13:53: Geometry done...
20:13:53: Reading geometry...
20:13:53: Geometry done...
20:13:53: Reading geometry...
20:13:53: Geometry done...
20:13:53: Submeshes done.
20:13:53: XMLMeshSerializer import successful.
20:13:53: Reorganising vertex buffers to automatic layout..
20:13:53: MeshSerializer writing mesh data to C:\sketchupexports\crewdzschool\crewdzschool.mesh...
20:13:53: File header written.
20:13:53: Writing mesh data...
20:13:53: Writing submesh...
20:13:53: Exporting submesh texture aliases...
20:13:53: Submesh texture aliases exported.
20:13:53: Submesh exported.
20:13:53: Writing submesh...
20:13:53: Exporting submesh texture aliases...
20:13:53: Submesh texture aliases exported.
20:13:53: Submesh exported.
20:13:53: Writing submesh...
20:13:53: Exporting submesh texture aliases...
20:13:53: Submesh texture aliases exported.
20:13:53: Submesh exported.
20:13:53: Writing submesh...
20:13:53: Exporting submesh texture aliases...
20:13:53: Submesh texture aliases exported.
20:13:53: Submesh exported.
20:13:53: Writing submesh...
20:13:53: Exporting submesh texture aliases...
20:13:53: Submesh texture aliases exported.
20:13:53: Submesh exported.
20:13:53: Writing submesh...
20:13:53: Exporting submesh texture aliases...
20:13:53: Submesh texture aliases exported.
20:13:53: Submesh exported.
20:13:53: Writing submesh...
20:13:53: Exporting submesh texture aliases...
20:13:53: Submesh texture aliases exported.
20:13:53: Submesh exported.
20:13:53: Writing submesh...
20:13:53: Exporting submesh texture aliases...
20:13:53: Submesh texture aliases exported.
20:13:53: Submesh exported.
20:13:53: Writing submesh...
20:13:53: Exporting submesh texture aliases...
20:13:53: Submesh texture aliases exported.
20:13:53: Submesh exported.
20:13:53: Writing submesh...
20:13:53: Exporting submesh texture aliases...
20:13:53: Submesh texture aliases exported.
20:13:53: Submesh exported.
20:13:53: Writing submesh...
20:13:53: Exporting submesh texture aliases...
20:13:53: Submesh texture aliases exported.
20:13:53: Submesh exported.
20:13:53: Exporting bounds information....
20:13:53: Bounds information exported.
20:13:53: Exporting submesh name table...
20:13:53: Submesh name table exported.
20:13:53: Exporting edge lists...
20:13:53: Edge lists exported
20:13:53: Mesh data exported.
20:13:53: MeshSerializer export successful.
20:13:53: Unregistering ResourceManager for type Skeleton
20:13:53: Unregistering ResourceManager for type Material
20:13:53: Unregistering ResourceManager for type Mesh
